[    0.000000] Linux version 4.15.0-202-generic (buildd@lcy02-amd64-115) (gcc version 7.5.0 (Ubuntu 7.5.0-3ubuntu1~18.04)) #213-Ubuntu SMP Thu Jan 5 19:19:12 UTC 2023 (Ubuntu 4.15.0-202.213-generic 4.15.18)
[    0.000000] Command line: BOOT_IMAGE=/boot/vmlinuz-4.15.0-202-generic root=LABEL=cloudimg-rootfs ro console=tty1 console=ttyS0
[    0.000000] KERNEL supported cpus:
[    0.000000]   Intel GenuineIntel
[    0.000000]   AMD AuthenticAMD
[    0.000000]   Centaur CentaurHauls
[    0.000000] x86/fpu: Supporting XSAVE feature 0x001: 'x87 floating point registers'
[    0.000000] x86/fpu: Supporting XSAVE feature 0x002: 'SSE registers'
[    0.000000] x86/fpu: Supporting XSAVE feature 0x004: 'AVX registers'
[    0.000000] x86/fpu: xstate_offset[2]:  576, xstate_sizes[2]:  256
[    0.000000] x86/fpu: Enabled xstate features 0x7, context size is 832 bytes, using 'standard' format.
[    0.000000] e820: BIOS-provided physical RAM map:
[    0.000000] BIOS-e820: [mem 0x0000000000000000-0x000000000009fbff] usable
[    0.000000] BIOS-e820: [mem 0x000000000009fc00-0x000000000009ffff] reserved
[    0.000000] BIOS-e820: [mem 0x00000000000f0000-0x00000000000fffff] reserved
[    0.000000] BIOS-e820: [mem 0x0000000000100000-0x000000003ffeffff] usable
[    0.000000] BIOS-e820: [mem 0x000000003fff0000-0x000000003fffffff] ACPI data
[    0.000000] BIOS-e820: [mem 0x00000000fec00000-0x00000000fec00fff] reserved
[    0.000000] BIOS-e820: [mem 0x00000000fee00000-0x00000000fee00fff] reserved
[    0.000000] BIOS-e820: [mem 0x00000000fffc0000-0x00000000ffffffff] reserved
[    0.000000] NX (Execute Disable) protection: active
[    0.000000] SMBIOS 2.5 present.
[    0.000000] DMI: innotek GmbH VirtualBox/VirtualBox, BIOS VirtualBox 12/01/2006
[    0.000000] Hypervisor detected: KVM
[    0.000000] e820: last_pfn = 0x3fff0 max_arch_pfn = 0x400000000
[    0.000000] MTRR: Disabled
[    0.000000] x86/PAT: MTRRs disabled, skipping PAT initialization too.
[    0.000000] CPU MTRRs all blank - virtualized system.
[    0.000000] x86/PAT: Configuration [0-7]: WB  WT  UC- UC  WB  WT  UC- UC  
[    0.000000] found SMP MP-table at [mem 0x0009fff0-0x0009ffff]
[    0.000000] Scanning 1 areas for low memory corruption
[    0.000000] RAMDISK: [mem 0x359cb000-0x36cdcfff]
[    0.000000] ACPI: Early table checksum verification disabled
[    0.000000] ACPI: RSDP 0x00000000000E0000 000024 (v02 VBOX  )
[    0.000000] ACPI: XSDT 0x000000003FFF0030 00003C (v01 VBOX   VBOXXSDT 00000001 ASL  00000061)
[    0.000000] ACPI: FACP 0x000000003FFF00F0 0000F4 (v04 VBOX   VBOXFACP 00000001 ASL  00000061)
[    0.000000] ACPI: DSDT 0x000000003FFF0610 002353 (v02 VBOX   VBOXBIOS 00000002 INTL 20200528)
[    0.000000] ACPI: FACS 0x000000003FFF0200 000040
[    0.000000] ACPI: FACS 0x000000003FFF0200 000040
[    0.000000] ACPI: APIC 0x000000003FFF0240 00005C (v02 VBOX   VBOXAPIC 00000001 ASL  00000061)
[    0.000000] ACPI: SSDT 0x000000003FFF02A0 00036C (v01 VBOX   VBOXCPUT 00000002 INTL 20200528)
[    0.000000] ACPI: Reserving FACP table memory at [mem 0x3fff00f0-0x3fff01e3]
[    0.000000] ACPI: Reserving DSDT table memory at [mem 0x3fff0610-0x3fff2962]
[    0.000000] ACPI: Reserving FACS table memory at [mem 0x3fff0200-0x3fff023f]
[    0.000000] ACPI: Reserving FACS table memory at [mem 0x3fff0200-0x3fff023f]
[    0.000000] ACPI: Reserving APIC table memory at [mem 0x3fff0240-0x3fff029b]
[    0.000000] ACPI: Reserving SSDT table memory at [mem 0x3fff02a0-0x3fff060b]
[    0.000000] No NUMA configuration found
[    0.000000] Faking a node at [mem 0x0000000000000000-0x000000003ffeffff]
[    0.000000] NODE_DATA(0) allocated [mem 0x3ffc5000-0x3ffeffff]
[    0.000000] kvm-clock: cpu 0, msr 0:3ff44001, primary cpu clock
[    0.000000] kvm-clock: Using msrs 4b564d01 and 4b564d00
[    0.000000] kvm-clock: using sched offset of 3132263013 cycles
[    0.000000] clocksource: kvm-clock: mask: 0xffffffffffffffff max_cycles: 0x1cd42e4dffb, max_idle_ns: 881590591483 ns
[    0.000000] Zone ranges:
[    0.000000]   DMA      [mem 0x0000000000001000-0x0000000000ffffff]
[    0.000000]   DMA32    [mem 0x0000000001000000-0x000000003ffeffff]
[    0.000000]   Normal   empty
[    0.000000]   Device   empty
[    0.000000] Movable zone start for each node
[    0.000000] Early memory node ranges
[    0.000000]   node   0: [mem 0x0000000000001000-0x000000000009efff]
[    0.000000]   node   0: [mem 0x0000000000100000-0x000000003ffeffff]
[    0.000000] Reserved but unavailable: 104 pages
[    0.000000] Initmem setup node 0 [mem 0x0000000000001000-0x000000003ffeffff]
[    0.000000] ACPI: PM-Timer IO Port: 0x4008
[    0.000000] IOAPIC[0]: apic_id 2, version 32, address 0xfec00000, GSI 0-23
[    0.000000] ACPI: INT_SRC_OVR (bus 0 bus_irq 0 global_irq 2 dfl dfl)
[    0.000000] ACPI: INT_SRC_OVR (bus 0 bus_irq 9 global_irq 9 low level)
[    0.000000] Using ACPI (MADT) for SMP configuration information
[    0.000000] smpboot: Allowing 2 CPUs, 0 hotplug CPUs
[    0.000000] PM: Registered nosave memory: [mem 0x00000000-0x00000fff]
[    0.000000] PM: Registered nosave memory: [mem 0x0009f000-0x0009ffff]
[    0.000000] PM: Registered nosave memory: [mem 0x000a0000-0x000effff]
[    0.000000] PM: Registered nosave memory: [mem 0x000f0000-0x000fffff]
[    0.000000] e820: [mem 0x40000000-0xfebfffff] available for PCI devices
[    0.000000] Booting paravirtualized kernel on KVM
[    0.000000] clocksource: refined-jiffies: mask: 0xffffffff max_cycles: 0xffffffff, max_idle_ns: 7645519600211568 ns
[    0.000000] setup_percpu: NR_CPUS:8192 nr_cpumask_bits:2 nr_cpu_ids:2 nr_node_ids:1
[    0.000000] percpu: Embedded 50 pages/cpu s167936 r8192 d28672 u1048576
[    0.000000] PV qspinlock hash table entries: 256 (order: 0, 4096 bytes)
[    0.000000] Built 1 zonelists, mobility grouping on.  Total pages: 257913
[    0.000000] Policy zone: DMA32
[    0.000000] Kernel command line: BOOT_IMAGE=/boot/vmlinuz-4.15.0-202-generic root=LABEL=cloudimg-rootfs ro console=tty1 console=ttyS0
[    0.000000] Memory: 982652K/1048120K available (12300K kernel code, 2477K rwdata, 4320K rodata, 2472K init, 2720K bss, 65468K reserved, 0K cma-reserved)
[    0.000000] SLUB: HWalign=64, Order=0-3, MinObjects=0, CPUs=2, Nodes=1
[    0.000000] Kernel/User page tables isolation: enabled
[    0.000000] ftrace: allocating 39478 entries in 155 pages
[    0.004000] Hierarchical RCU implementation.
[    0.004000] 	RCU restricting CPUs from NR_CPUS=8192 to nr_cpu_ids=2.
[    0.004000] 	Tasks RCU enabled.
[    0.004000] RCU: Adjusting geometry for rcu_fanout_leaf=16, nr_cpu_ids=2
[    0.004000] NR_IRQS: 524544, nr_irqs: 440, preallocated irqs: 16
[    0.004000] random: crng init done
[    0.004000] Console: colour VGA+ 80x25
[    0.004000] console [tty1] enabled
[    0.004000] console [ttyS0] enabled
[    0.004000] ACPI: Core revision 20170831
[    0.004000] ACPI: 2 ACPI AML tables successfully acquired and loaded
[    0.004000] APIC: Switch to symmetric I/O mode setup
[    0.004144] x2apic enabled
[    0.007282] Switched APIC routing to physical x2apic.
[    0.012000] ..TIMER: vector=0x30 apic1=0 pin1=2 apic2=-1 pin2=-1
[    0.012002] tsc: Detected 2212.832 MHz processor
[    0.014669] Calibrating delay loop (skipped) preset value.. 4425.66 BogoMIPS (lpj=8851328)
[    0.016002] pid_max: default: 32768 minimum: 301
[    0.018713] Security Framework initialized
[    0.020002] Yama: becoming mindful.
[    0.022132] AppArmor: AppArmor initialized
[    0.025310] Dentry cache hash table entries: 131072 (order: 8, 1048576 bytes)
[    0.028655] Inode-cache hash table entries: 65536 (order: 7, 524288 bytes)
[    0.032031] Mount-cache hash table entries: 2048 (order: 2, 16384 bytes)
[    0.036024] Mountpoint-cache hash table entries: 2048 (order: 2, 16384 bytes)
[    0.041191] Last level iTLB entries: 4KB 64, 2MB 8, 4MB 8
[    0.044002] Last level dTLB entries: 4KB 64, 2MB 0, 4MB 0, 1GB 4
[    0.048017] Spectre V1 : Mitigation: usercopy/swapgs barriers and __user pointer sanitization
[    0.052002] Spectre V2 : Mitigation: Retpolines
[    0.056002] Spectre V2 : Spectre v2 / SpectreRSB mitigation: Filling RSB on context switch
[    0.060002] Speculative Store Bypass: Vulnerable
[    0.064095] MDS: Mitigation: Clear CPU buffers
[    0.068002] MMIO Stale Data: Mitigation: Clear CPU buffers
[    0.072016] SRBDS: Unknown: Dependent on hypervisor status
[    0.075358] Freeing SMP alternatives memory: 36K
[    0.191545] smpboot: CPU0: Intel(R) Core(TM) i7-8750H CPU @ 2.20GHz (family: 0x6, model: 0x9e, stepping: 0xa)
[    0.192219] Performance Events: unsupported p6 CPU model 158 no PMU driver, software events only.
[    0.196064] Hierarchical SRCU implementation.
[    0.200556] NMI watchdog: Perf event create on CPU 0 failed with -2
[    0.204002] NMI watchdog: Perf NMI watchdog permanently disabled
[    0.208115] smp: Bringing up secondary CPUs ...
[    0.211072] x86: Booting SMP configuration:
[    0.212002] .... node  #0, CPUs:      #1
[    0.004000] kvm-clock: cpu 1, msr 0:3ff44041, secondary cpu clock
[    0.216123] smp: Brought up 1 node, 2 CPUs
[    0.218542] smpboot: Max logical packages: 1
[    0.220005] smpboot: Total of 2 processors activated (8851.32 BogoMIPS)
[    0.224196] devtmpfs: initialized
[    0.226149] x86/mm: Memory block size: 128MB
[    0.228203] evm: security.selinux
[    0.230174] evm: security.SMACK64
[    0.232002] evm: security.SMACK64EXEC
[    0.234537] evm: security.SMACK64TRANSMUTE
[    0.236003] evm: security.SMACK64MMAP
[    0.240002] evm: security.apparmor
[    0.242138] evm: security.ima
[    0.244000] evm: security.capability
[    0.244168] clocksource: jiffies: mask: 0xffffffff max_cycles: 0xffffffff, max_idle_ns: 7645041785100000 ns
[    0.248031] futex hash table entries: 512 (order: 3, 32768 bytes)
[    0.252081] pinctrl core: initialized pinctrl subsystem
[    0.255355] RTC time:  2:36:41, date: 01/16/23
[    0.256323] NET: Registered protocol family 16
[    0.260069] audit: initializing netlink subsys (disabled)
[    0.263176] audit: type=2000 audit(1673836606.239:1): state=initialized audit_enabled=0 res=1
[    0.264005] cpuidle: using governor ladder
[    0.268006] cpuidle: using governor menu
[    0.270315] ACPI: bus type PCI registered
[    0.272003] acpiphp: ACPI Hot Plug PCI Controller Driver version: 0.5
[    0.276338] PCI: Using configuration type 1 for base access
[    0.281262] HugeTLB registered 2.00 MiB page size, pre-allocated 0 pages
[    0.288142] ACPI: Added _OSI(Module Device)
[    0.290836] ACPI: Added _OSI(Processor Device)
[    0.292029] ACPI: Added _OSI(3.0 _SCP Extensions)
[    0.296007] ACPI: Added _OSI(Processor Aggregator Device)
[    0.300003] ACPI: Added _OSI(Linux-Dell-Video)
[    0.302701] ACPI: Added _OSI(Linux-Lenovo-NV-HDMI-Audio)
[    0.304002] ACPI: Added _OSI(Linux-HPI-Hybrid-Graphics)
[    0.308614] ACPI: Executed 1 blocks of module-level executable AML code
[    0.316552] ACPI: Interpreter enabled
[    0.318844] ACPI: (supports S0 S5)
[    0.320002] ACPI: Using IOAPIC for interrupt routing
[    0.324238] PCI: Using host bridge windows from ACPI; if necessary, use "pci=nocrs" and report a bug
[    0.328215] ACPI: Enabled 2 GPEs in block 00 to 07
[    0.341372] ACPI: PCI Root Bridge [PCI0] (domain 0000 [bus 00-ff])
[    0.344010] acpi PNP0A03:00: _OSC: OS supports [ASPM ClockPM Segments MSI]
[    0.348726] acpi PNP0A03:00: _OSC: not requesting OS control; OS requires [ExtendedConfig ASPM ClockPM MSI]
[    0.352029] acpi PNP0A03:00: fail to add MMCONFIG information, can't access extended PCI configuration space under this bridge.
[    0.356654] PCI host bridge to bus 0000:00
[    0.360005] pci_bus 0000:00: root bus resource [io  0x0000-0x0cf7 window]
[    0.364003] pci_bus 0000:00: root bus resource [io  0x0d00-0xffff window]
[    0.368003] pci_bus 0000:00: root bus resource [mem 0x000a0000-0x000bffff window]
[    0.372003] pci_bus 0000:00: root bus resource [mem 0x40000000-0xfdffffff window]
[    0.376004] pci_bus 0000:00: root bus resource [bus 00-ff]
[    0.385576] pci 0000:00:01.1: legacy IDE quirk: reg 0x10: [io  0x01f0-0x01f7]
[    0.388002] pci 0000:00:01.1: legacy IDE quirk: reg 0x14: [io  0x03f6]
[    0.392004] pci 0000:00:01.1: legacy IDE quirk: reg 0x18: [io  0x0170-0x0177]
[    0.396000] pci 0000:00:01.1: legacy IDE quirk: reg 0x1c: [io  0x0376]
[    0.442292] pci 0000:00:07.0: quirk: [io  0x4000-0x403f] claimed by PIIX4 ACPI
[    0.444031] pci 0000:00:07.0: quirk: [io  0x4100-0x410f] claimed by PIIX4 SMB
[    0.463184] ACPI: PCI Interrupt Link [LNKA] (IRQs 5 9 10 *11)
[    0.464485] ACPI: PCI Interrupt Link [LNKB] (IRQs 5 9 *10 11)
[    0.468177] ACPI: PCI Interrupt Link [LNKC] (IRQs 5 *9 10 11)
[    0.472177] ACPI: PCI Interrupt Link [LNKD] (IRQs 5 9 10 *11)
[    0.476407] SCSI subsystem initialized
[    0.478669] pci 0000:00:02.0: vgaarb: setting as boot VGA device
[    0.479521] pci 0000:00:02.0: vgaarb: VGA device added: decodes=io+mem,owns=io+mem,locks=none
[    0.480004] pci 0000:00:02.0: vgaarb: bridge control possible
[    0.484002] vgaarb: loaded
[    0.485689] ACPI: bus type USB registered
[    0.488016] usbcore: registered new interface driver usbfs
[    0.492018] usbcore: registered new interface driver hub
[    0.495017] usbcore: registered new device driver usb
[    0.496119] EDAC MC: Ver: 3.0.0
[    0.500632] PCI: Using ACPI for IRQ routing
[    0.503063] NetLabel: Initializing
[    0.504003] NetLabel:  domain hash size = 128
[    0.508002] NetLabel:  protocols = UNLABELED CIPSOv4 CALIPSO
[    0.511170] NetLabel:  unlabeled traffic allowed by default
[    0.512220] clocksource: Switched to clocksource kvm-clock
[    0.534651] VFS: Disk quotas dquot_6.6.0
[    0.537472] VFS: Dquot-cache hash table entries: 512 (order 0, 4096 bytes)
[    0.541453] AppArmor: AppArmor Filesystem Enabled
[    0.544191] pnp: PnP ACPI init
[    0.548072] pnp: PnP ACPI: found 3 devices
[    0.566453] clocksource: acpi_pm: mask: 0xffffff max_cycles: 0xffffff, max_idle_ns: 2085701024 ns
[    0.571477] NET: Registered protocol family 2
[    0.574240] IP idents hash table entries: 16384 (order: 5, 131072 bytes)
[    0.578375] TCP established hash table entries: 8192 (order: 4, 65536 bytes)
[    0.582415] TCP bind hash table entries: 8192 (order: 5, 131072 bytes)
[    0.586640] TCP: Hash tables configured (established 8192 bind 8192)
[    0.590589] UDP hash table entries: 512 (order: 2, 16384 bytes)
[    0.594169] UDP-Lite hash table entries: 512 (order: 2, 16384 bytes)
[    0.598030] NET: Registered protocol family 1
[    0.600764] pci 0000:00:00.0: Limiting direct PCI/PCI transfers
[    0.604396] pci 0000:00:01.0: Activating ISA DMA hang workarounds
[    0.608157] pci 0000:00:02.0: Video device with shadowed ROM at [mem 0x000c0000-0x000dffff]
[    0.613362] Unpacking initramfs...
[    0.932104] Freeing initrd memory: 19528K
[    0.935536] clocksource: tsc: mask: 0xffffffffffffffff max_cycles: 0x1fe58caf244, max_idle_ns: 440795243321 ns
[    0.941758] platform rtc_cmos: registered platform RTC device (no PNP device found)
[    0.946499] Scanning for low memory corruption every 60 seconds
[    0.951156] Initialise system trusted keyrings
[    0.953834] Key type blacklist registered
[    0.956535] workingset: timestamp_bits=36 max_order=18 bucket_order=0
[    0.961772] zbud: loaded
[    0.964435] squashfs: version 4.0 (2009/01/31) Phillip Lougher
[    0.968323] fuse init (API version 7.26)
[    0.980378] Key type asymmetric registered
[    0.982746] Asymmetric key parser 'x509' registered
[    0.985628] Block layer SCSI generic (bsg) driver version 0.4 loaded (major 246)
[    0.989976] io scheduler noop registered
[    0.992336] io scheduler deadline registered
[    0.994832] io scheduler cfq registered (default)
[    0.998152] ACPI: AC Adapter [AC] (off-line)
[    1.001038] input: Power Button as /devices/LNXSYSTM:00/LNXPWRBN:00/input/input0
[    1.005345] ACPI: Power Button [PWRF]
[    1.007632] input: Sleep Button as /devices/LNXSYSTM:00/LNXSLPBN:00/input/input1
[    1.011888] ACPI: Sleep Button [SLPF]
[    1.016476] Serial: 8250/16550 driver, 32 ports, IRQ sharing enabled
[    1.016683] ACPI: Battery Slot [BAT0] (battery present)
[    1.048709] 00:02: ttyS0 at I/O 0x3f8 (irq = 4, base_baud = 115200) is a 16550A
[    1.052020] Linux agpgart interface v0.103
[    1.060039] loop: module loaded
[    1.064542] scsi host0: ata_piix
[    1.067228] scsi host1: ata_piix
[    1.069479] ata1: PATA max UDMA/33 cmd 0x1f0 ctl 0x3f6 bmdma 0xd000 irq 14
[    1.071221] ata2: PATA max UDMA/33 cmd 0x170 ctl 0x376 bmdma 0xd008 irq 15
[    1.078910] tun: Universal TUN/TAP device driver, 1.6
[    1.082656] PPP generic driver version 2.4.2
[    1.085549] ehci_hcd: USB 2.0 'Enhanced' Host Controller (EHCI) Driver
[    1.089235] ehci-pci: EHCI PCI platform driver
[    1.091976] ehci-platform: EHCI generic platform driver
[    1.095363] ohci_hcd: USB 1.1 'Open' Host Controller (OHCI) Driver
[    1.098837] ohci-pci: OHCI PCI platform driver
[    1.101449] ohci-platform: OHCI generic platform driver
[    1.104459] uhci_hcd: USB Universal Host Controller Interface driver
[    1.108022] i8042: PNP: PS/2 Controller [PNP0303:PS2K,PNP0f03:PS2M] at 0x60,0x64 irq 1,12
[    1.114560] serio: i8042 KBD port at 0x60,0x64 irq 1
[    1.117450] serio: i8042 AUX port at 0x60,0x64 irq 12
[    1.121100] mousedev: PS/2 mouse device common for all mice
[    1.126519] input: AT Translated Set 2 keyboard as /devices/platform/i8042/serio0/input/input2
[    1.128638] rtc_cmos rtc_cmos: rtc core: registered rtc_cmos as rtc0
[    1.136306] rtc_cmos rtc_cmos: alarms up to one day, 114 bytes nvram
[    1.140062] i2c /dev entries driver
[    1.140062] device-mapper: uevent: version 1.0.3
[    1.145907] device-mapper: ioctl: 4.37.0-ioctl (2017-09-20) initialised: dm-devel@redhat.com
[    1.151164] ledtrig-cpu: registered to indicate activity on CPUs
[    1.156545] NET: Registered protocol family 10
[    1.166070] Segment Routing with IPv6
[    1.234314] NET: Registered protocol family 17
[    1.279575] Key type dns_resolver registered
[    1.304078] mce: Using 0 MCE banks
[    1.306557] RAS: Correctable Errors collector initialized.
[    1.309776] sched_clock: Marking stable (1309749656, 0)->(1794123424, -484373768)
[    1.315189] registered taskstats version 1
[    1.317640] Loading compiled-in X.509 certificates
[    1.323612] Loaded X.509 cert 'Build time autogenerated kernel key: f114f3958ed3c37ba1924ca66ae8368f3c35b0e4'
[    1.329652] Loaded X.509 cert 'Canonical Ltd. Live Patch Signing: 14df34d1a87cf37625abec039ef2bf521249b969'
[    1.335457] Loaded X.509 cert 'Canonical Ltd. Kernel Module Signing: 88f752e560a1e0737e31163a466ad7b70a850c19'
[    1.341008] blacklist: Loading compiled-in revocation X.509 certificates
[    1.345327] Loaded X.509 cert 'Canonical Ltd. Secure Boot Signing: 61482aa2830d0ab2ad5af10b7250da9033ddcef0'
[    1.351147] zswap: loaded using pool lzo/zbud
[    1.359341] Key type big_key registered
[    1.361712] Key type trusted registered
[    1.367089] Key type encrypted registered
[    1.369586] AppArmor: AppArmor sha1 policy hashing enabled
[    1.373414] ima: No TPM chip found, activating TPM-bypass! (rc=-19)
[    1.377623] ima: Allocated hash algorithm: sha1
[    1.380989] evm: HMAC attrs: 0x1
[    1.383918]   Magic number: 7:959:611
[    1.387368] rtc_cmos rtc_cmos: setting system clock to 2023-01-16 02:36:43 UTC (1673836603)
[    1.394293] BIOS EDD facility v0.16 2004-Jun-25, 0 devices found
[    1.399138] EDD information not available.
[    1.405237] Freeing unused kernel image memory: 2472K
[    1.424650] Write protecting the kernel read-only data: 20480k
[    1.429129] Freeing unused kernel image memory: 2008K
[    1.432517] Freeing unused kernel image memory: 1824K
[    1.440691] x86/mm: Checked W+X mappings: passed, no W+X pages found.
[    1.444373] x86/mm: Checking user space page tables
[    1.452393] x86/mm: Checked W+X mappings: passed, no W+X pages found.
Loading, please wait...
starting version 237
[    1.531682] Fusion MPT base driver 3.04.20
[    1.534235] Copyright (c) 1999-2008 LSI Corporation
[    1.540586] Fusion MPT SPI Host driver 3.04.20
[    1.545461] e1000: Intel(R) PRO/1000 Network Driver - version 7.3.21-k8-NAPI
[    1.549540] e1000: Copyright (c) 1999-2006 Intel Corporation.
[    1.570909] AVX2 version of gcm_enc/dec engaged.
[    1.573741] AES CTR mode by8 optimization enabled
[    1.584199] mptbase: ioc0: Initiating bringup
[    1.691671] ioc0: LSI53C1030 A0: Capabilities={Initiator}
[    1.781222] input: ImExPS/2 Generic Explorer Mouse as /devices/platform/i8042/serio1/input/input4
[    1.941813] scsi host2: ioc0: LSI53C1030 A0, FwRev=00000000h, Ports=1, MaxQ=256, IRQ=20
[    2.114273] scsi 2:0:0:0: Direct-Access     VBOX     HARDDISK         1.0  PQ: 0 ANSI: 5
[    2.156558] scsi target2:0:0: Beginning Domain Validation
[    2.178348] scsi target2:0:0: Domain Validation skipping write tests
[    2.182348] scsi target2:0:0: Ending Domain Validation
[    2.197755] scsi target2:0:0: asynchronous
[    2.201104] scsi 2:0:1:0: Direct-Access     VBOX     HARDDISK         1.0  PQ: 0 ANSI: 5
[    2.356059] scsi target2:0:1: Beginning Domain Validation
[    2.362051] scsi target2:0:1: Domain Validation skipping write tests
[    2.366127] scsi target2:0:1: Ending Domain Validation
[    2.369616] scsi target2:0:1: asynchronous
[    2.379639] sd 2:0:0:0: [sda] 83886080 512-byte logical blocks: (42.9 GB/40.0 GiB)
[    2.384701] sd 2:0:0:0: [sda] Write Protect is off
[    2.388149] sd 2:0:0:0: Attached scsi generic sg0 type 0
[    2.391800] sd 2:0:0:0: [sda] Incomplete mode parameter data
[    2.395474] sd 2:0:0:0: [sda] Assuming drive cache: write through
[    2.400827] sd 2:0:1:0: [sdb] 20480 512-byte logical blocks: (10.5 MB/10.0 MiB)
[    2.405740] sd 2:0:1:0: [sdb] Write Protect is off
[    2.409110] sd 2:0:1:0: [sdb] Incomplete mode parameter data
[    2.412828] sd 2:0:1:0: [sdb] Assuming drive cache: write through
[    2.416861] sd 2:0:1:0: Attached scsi generic sg1 type 0
[    2.423245]  sda: sda1
[    2.426459] sd 2:0:1:0: [sdb] Attached SCSI disk
[    2.430664] sd 2:0:0:0: [sda] Attached SCSI disk
[    2.634216] e1000 0000:00:03.0 eth0: (PCI:33MHz:32-bit) 02:b0:55:75:d1:60
[    2.638425] e1000 0000:00:03.0 eth0: Intel(R) PRO/1000 Network Connection
[    3.110225] e1000 0000:00:08.0 eth1: (PCI:33MHz:32-bit) 08:00:27:93:4a:60
[    3.115820] e1000 0000:00:08.0 eth1: Intel(R) PRO/1000 Network Connection
[    3.122283] e1000 0000:00:08.0 enp0s8: renamed from eth1
[    3.140785] e1000 0000:00:03.0 enp0s3: renamed from eth0
Begin: Loading essential drivers ... [    5.291377] raid6: sse2x1   gen() 14078 MB/s
[    5.398156] raid6: sse2x1   xor() 14847 MB/s
[    5.490940] raid6: sse2x2   gen() 34655 MB/s
[    5.677763] raid6: sse2x2   xor() 47468 MB/s
[    5.734108] raid6: sse2x4   gen() 23025 MB/s
[    5.833718] raid6: sse2x4   xor() 13251 MB/s
[    5.893498] raid6: avx2x1   gen() 29734 MB/s
[    5.953478] raid6: avx2x1   xor() 21560 MB/s
[    6.039182] raid6: avx2x2   gen() 54826 MB/s
[    6.121183] raid6: avx2x2   xor() 37075 MB/s
[    6.294074] raid6: avx2x4   gen() 145758 MB/s
[    6.340195] raid6: avx2x4   xor() 21505 MB/s
[    6.344714] raid6: using algorithm avx2x4 gen() 145758 MB/s
[    6.349509] raid6: .... xor() 21505 MB/s, rmw enabled
[    6.353555] raid6: using avx2x2 recovery algorithm
[    6.359023] xor: automatically using best checksumming function   avx       
[    6.365315] async_tx: api initialized (async)
done.
Begin: Running /scripts/init-premount ... done.
Begin: Mounting root file system ... Begin: Running /scripts/local-top ... done.
Begin: Running /scripts/local-premount ... [    6.423985] Btrfs loaded, crc32c=crc32c-intel
Scanning for Btrfs filesystems
done.
Warning: fsck not present, so skipping root file system
[    6.457635] EXT4-fs (sda1): mounted filesystem with ordered data mode. Opts: (null)
done.
Begin: Running /scripts/local-bottom ... done.
Begin: Running /scripts/init-bottom ... done.
[    6.622273] ip_tables: (C) 2000-2006 Netfilter Core Team
[    6.633290] systemd[1]: systemd 237 running in system mode. (+PAM +AUDIT +SELINUX +IMA +APPARMOR +SMACK +SYSVINIT +UTMP +LIBCRYPTSETUP +GCRYPT +GNUTLS +ACL +XZ +LZ4 +SECCOMP +BLKID +ELFUTILS +KMOD -IDN2 +IDN -PCRE2 default-hierarchy=hybrid)
[    6.645018] systemd[1]: Detected virtualization oracle.
[    6.648234] systemd[1]: Detected architecture x86-64.

Welcome to [1mUbuntu 18.04.6 LTS[0m!

[    6.665786] systemd[1]: Set hostname to <ubuntu>.
[    6.671533] systemd[1]: Initializing machine ID from random generator.
[    6.675414] systemd[1]: Installed transient /etc/machine-id file.
[    6.911157] systemd[1]: Reached target System Time Synchronized.
[[0;32m  OK  [0m] Reached target System Time Synchronized.
[    6.922804] systemd[1]: Created slice User and Session Slice.
[[0;32m  OK  [0m] Created slice User and Session Slice.
[    6.929001] systemd[1]: Set up automount Arbitrary Executable File Formats File System Automount Point.
[[0;32m  OK  [0m] Set up automount Arbitrary Executab…rmats File System Automount Point.
[    6.937907] systemd[1]: Started Forward Password Requests to Wall Directory Watch.
[[0;32m  OK  [0m] Started Forward Password Requests to Wall Directory Watch.
[[0;32m  OK  [0m] Reached target Swap.
[[0;32m  OK  [0m] Reached target User and Group Name Lookups.
[[0;32m  OK  [0m] Created slice System Slice.
[[0;32m  OK  [0m] Reached target Slices.
[[0;32m  OK  [0m] Created slice system-serial\x2dgetty.slice.
[[0;32m  OK  [0m] Listening on Device-mapper event daemon FIFOs.
[[0;32m  OK  [0m] Listening on Journal Audit Socket.
[[0;32m  OK  [0m] Listening on LVM2 metadata daemon socket.
[[0;32m  OK  [0m] Listening on LVM2 poll daemon socket.
[[0;32m  OK  [0m] Listening on /dev/initctl Compatibility Named Pipe.
[[0;32m  OK  [0m] Listening on fsck to fsckd communication Socket.
[[0;32m  OK  [0m] Listening on Network Service Netlink Socket.
[[0;32m  OK  [0m] Listening on Journal Socket (/dev/log).
[[0;32m  OK  [0m] Listening on Journal Socket.
         Starting Load Kernel Modules...
         Starting File System Check on Root Device...
         Starting Set the console keyboard layout...
         Starting Uncomplicated firewall...
         Starting Create list of required st…ce nodes for the current kernel...
         Mounting POSIX Message Queue File System...
         Starting Monitoring of LVM2 mirrors…ng dmeventd or progress polling...
[[0;32m  OK  [0m] Listening on udev Control Socket.
[    7.009377] Loading iSCSI transport class v2.0-870.
         Mounting Kernel Debug File System...
[[0;32m  OK  [0m] Listening on udev Kernel Socket.
         Starting udev Coldplug all Devices...[    7.021470] iscsi: registered transport (tcp)

[[0;32m  OK  [0m] Listening on Syslog Socket.
         Starting Journal Service...
         Mounting Huge Pages File System...
[[0;32m  OK  [0m] Started File System Check Daemon to report status.
[[0;32m  OK  [0m] Started Uncomplicated firewall.
[[0;32m  OK  [0m] Started Create list of required sta…vice nodes for the current kernel.
         Starting Create Static Device Nodes in /dev...
[[0;32m  OK  [0m] Started LVM2 metadata daemon.
[[0;32m  OK  [0m] Started Journal Service.
[    7.132807] iscsi: registered transport (iser)
[[0;32m  OK  [0m] Started Load Kernel Modules.
         Mounting FUSE Control File System...
         Starting Apply Kernel Variables...
         Mounting Kernel Configuration File System...
[[0;32m  OK  [0m] Started udev Coldplug all Devices.
[[0;32m  OK  [0m] Mounted POSIX Message Queue File System.
[[0;32m  OK  [0m] Mounted Kernel Debug File System.
[[0;32m  OK  [0m] Mounted Huge Pages File System.
[[0;32m  OK  [0m] Mounted FUSE Control File System.
[[0;32m  OK  [0m] Mounted Kernel Configuration File System.
[[0;32m  OK  [0m] Started Create Static Device Nodes in /dev.
[[0;32m  OK  [0m] Started File System Check on Root Device.
         Starting Remount Root and Kernel File Systems...
[[0;32m  OK  [0m] Started Monitoring of LVM2 mirrors,…sing dmeventd or progress polling.
[[0;32m  OK  [0m] Started Apply Kernel Variables.
[[0;32m  OK  [0m] Started Remount Root and Kernel File Systems.
         Starting Load/Save Random Seed...
         Starting udev Kernel Device Manager...
         Starting Flush Journal to Persistent Storage...
[[0;32m  OK  [0m] Started Load/Save Random Seed.
[[0;32m  OK  [0m] Started udev Kernel Device Manager.
[[0;32m  OK  [0m] Started Flush Journal to Persistent Storage.
[[0;32m  OK  [0m] Found device /dev/ttyS0.
[[0;32m  OK  [0m] Listening on Load/Save RF Kill Switch Status /dev/rfkill Watch.
         Mounting Arbitrary Executable File Formats File System...
[[0;32m  OK  [0m] Mounted Arbitrary Executable File Formats File System.
[[0;32m  OK  [0m] Started Set the console keyboard layout.
[[0;32m  OK  [0m] Started Dispatch Password Requests to Console Directory Watch.
[[0;32m  OK  [0m] Reached target Local Encrypted Volumes.
[[0;32m  OK  [0m] Reached target Local File Systems (Pre).
[[0;32m  OK  [0m] Reached target Local File Systems.
         Starting AppArmor initialization...
         Starting Create Volatile Files and Directories...
         Starting Set console font and keymap...
         Starting ebtables ruleset management...
         Starting Commit a transient machine-id on disk...
         Starting Tell Plymouth To Write Out Runtime Data...
[[0;32m  OK  [0m] Started Create Volatile Files and Directories.
         Starting Update UTMP about System Boot/Shutdown...
[[0;32m  OK  [0m] Started Tell Plymouth To Write Out Runtime Data.
[[0;32m  OK  [0m] Started Update UTMP about System Boot/Shutdown.
[[0;32m  OK  [0m] Started ebtables ruleset management.
[[0;32m  OK  [0m] Started Commit a transient machine-id on disk.
[[0;32m  OK  [0m] Started AppArmor initialization.
         Starting Load AppArmor profiles managed internally by snapd...
         Starting Initial cloud-init job (pre-networking)...
[[0;32m  OK  [0m] Started Load AppArmor profiles managed internally by snapd.
[[0;32m  OK  [0m] Started Set console font and keymap.
[   10.939933] cloud-init[823]: Cloud-init v. 22.4.2-0ubuntu0~18.04.1 running 'init-local' at Mon, 16 Jan 2023 02:36:52 +0000. Up 10.62 seconds.
[[0;32m  OK  [0m] Started Initial cloud-init job (pre-networking).
[[0;32m  OK  [0m] Reached target Network (Pre).
         Starting Network Service...
[[0;32m  OK  [0m] Started Network Service.
         Starting Wait for Network to be Configured...
         Starting Network Name Resolution...
[[0;32m  OK  [0m] Started Network Name Resolution.
[[0;32m  OK  [0m] Reached target Network.
[[0;32m  OK  [0m] Reached target Host and Network Name Lookups.
[[0;32m  OK  [0m] Started Wait for Network to be Configured.
         Starting Initial cloud-init job (metadata service crawler)...
[   13.144728] cloud-init[981]: Cloud-init v. 22.4.2-0ubuntu0~18.04.1 running 'init' at Mon, 16 Jan 2023 02:36:55 +0000. Up 12.99 seconds.
[   13.151289] cloud-init[981]: ci-info: ++++++++++++++++++++++++++++++++++++++Net device info+++++++++++++++++++++++++++++++++++++++
[   13.156110] cloud-init[981]: ci-info: +--------+-------+----------------------------+---------------+--------+-------------------+
[   13.160777] cloud-init[981]: ci-info: | Device |   Up  |          Address           |      Mask     | Scope  |     Hw-Address    |
[   13.166659] cloud-init[981]: ci-info: +--------+-------+----------------------------+---------------+--------+-------------------+
[   13.170860] cloud-init[981]: ci-info: | enp0s3 |  True |         10.0.2.15          | 255.255.255.0 | global | 02:b0:55:75:d1:60 |
[   13.176253] cloud-init[981]: ci-info: | enp0s3 |  True | fe80::b0:55ff:fe75:d160/64 |       .       |  link  | 02:b0:55:75:d1:60 |
[   13.181168] cloud-init[981]: ci-info: | enp0s8 | False |             .              |       .       |   .    | 08:00:27:93:4a:60 |
[   13.186109] cloud-init[981]: ci-info: |   lo   |  True |         127.0.0.1          |   255.0.0.0   |  host  |         .         |
[   13.192378] cloud-init[981]: ci-info: |   lo   |  True |          ::1/128           |       .       |  host  |         .         |
[   13.197957] cloud-init[981]: ci-info: +--------+-------+----------------------------+---------------+--------+-------------------+
[   13.202979] cloud-init[981]: ci-info: ++++++++++++++++++++++++++++Route IPv4 info+++++++++++++++++++++++++++++
[   13.207700] cloud-init[981]: ci-info: +-------+-------------+----------+-----------------+-----------+-------+
[   13.211678] cloud-init[981]: ci-info: | Route | Destination | Gateway  |     Genmask     | Interface | Flags |
[   13.215954] cloud-init[981]: ci-info: +-------+-------------+----------+-----------------+-----------+-------+
[   13.219682] cloud-init[981]: ci-info: |   0   |   0.0.0.0   | 10.0.2.2 |     0.0.0.0     |   enp0s3  |   UG  |
[   13.223801] cloud-init[981]: ci-info: |   1   |   10.0.2.0  | 0.0.0.0  |  255.255.255.0  |   enp0s3  |   U   |
[   13.229346] cloud-init[981]: ci-info: |   2   |   10.0.2.2  | 0.0.0.0  | 255.255.255.255 |   enp0s3  |   UH  |
[   13.233706] cloud-init[981]: ci-info: +-------+-------------+----------+-----------------+-----------+-------+
[   13.238647] cloud-init[981]: ci-info: +++++++++++++++++++Route IPv6 info+++++++++++++++++++
[   13.243349] cloud-init[981]: ci-info: +-------+-------------+---------+-----------+-------+
[   13.247444] cloud-init[981]: ci-info: | Route | Destination | Gateway | Interface | Flags |
[   13.251193] cloud-init[981]: ci-info: +-------+-------------+---------+-----------+-------+
[   13.254943] cloud-init[981]: ci-info: |   1   |  fe80::/64  |    ::   |   enp0s3  |   U   |
[   13.259291] cloud-init[981]: ci-info: |   3   |    local    |    ::   |   enp0s3  |   U   |
[   13.263967] cloud-init[981]: ci-info: |   4   |   ff00::/8  |    ::   |   enp0s3  |   U   |
[   13.267770] cloud-init[981]: ci-info: +-------+-------------+---------+-----------+-------+
[   13.861885] cloud-init[981]: Generating public/private rsa key pair.
[   13.864844] cloud-init[981]: Your identification has been saved in /etc/ssh/ssh_host_rsa_key.
[   13.869244] cloud-init[981]: Your public key has been saved in /etc/ssh/ssh_host_rsa_key.pub.
[   13.873446] cloud-init[981]: The key fingerprint is:
[   13.876406] cloud-init[981]: SHA256:yFo/8RmdKrsN/ueeVyZPK2Q+IDTGLxHKIC+SJuhvyrc root@ubuntu-bionic
[   13.880143] cloud-init[981]: The key's randomart image is:
[   13.883030] cloud-init[981]: +---[RSA 2048]----+
[   13.886157] cloud-init[981]: |                 |
[   13.888942] cloud-init[981]: |   . .   .       |
[   13.892108] cloud-init[981]: |. . o o o .      |
[   13.895019] cloud-init[981]: |o+ . o + * . .   |
[   13.898198] cloud-init[981]: |+ . . + S = o    |
[   13.901057] cloud-init[981]: | .   o . = * o. +|
[   13.903938] cloud-init[981]: |  . .   = * =  *.|
[   13.906931] cloud-init[981]: |.  +   . *  .=...|
[   13.910181] cloud-init[981]: | o+E.   +oo++.o  |
[   13.913111] cloud-init[981]: +----[SHA256]-----+
[   13.916132] cloud-init[981]: Generating public/private dsa key pair.
[   13.919729] cloud-init[981]: Your identification has been saved in /etc/ssh/ssh_host_dsa_key.
[   13.923571] cloud-init[981]: Your public key has been saved in /etc/ssh/ssh_host_dsa_key.pub.
[[0;32m  OK  [0m] Started Initial cloud-init job (metadata service crawler).
[[0;32m  OK  [0m] Reached target Network is Online.
[   13.935440] cloud-init[981]: The key fingerprint is:
         Starting Availability of block devices...
[   13.941208] cloud-init[981]: SHA256:OmiOcU3cqJg68uaUzJkctvvAWbD8n51geuI+IXH+a1Q root@ubuntu-bionic
[[0;32m  OK  [0m] Reached target Remote File Systems (Pre).
[[0;32m  OK  [0m] Reached target Remote File Systems.
[   13.950707] cloud-init[981]: The key's randomart image is:
[[0;32m  OK  [0m] [   13.954990] cloud-init[981]: +---[DSA 1024]----+
[   13.955193] cloud-init[981]: |                 |
[   13.955507] cloud-init[981]: |                 |
[   13.955829] cloud-init[981]: |  .              |
[   13.956112] cloud-init[981]: | ..o.. oE        |
[   13.956415] cloud-init[981]: |  =+. +.S        |
[   13.956713] cloud-init[981]: | *.%o=..         |
[   13.957016] cloud-init[981]: |  ^.*+*          |
[   13.957321] cloud-init[981]: |oo.Oo++= .       |
[   13.957641] cloud-init[981]: |o==+*=+.o        |
[   13.957925] cloud-init[981]: +----[SHA256]-----+
[   13.958219] cloud-init[981]: Generating public/private ecdsa key pair.
[   13.958533] cloud-init[981]: Your identification has been saved in /etc/ssh/ssh_host_ecdsa_key.
[   13.958820] cloud-init[981]: Your public key has been saved in /etc/ssh/ssh_host_ecdsa_key.pub.
[   13.959128] cloud-init[981]: The key fingerprint is:
[   13.959517] cloud-init[981]: SHA256:0Ci/FZDt6064FseTbIplYWQA5rpW7BynFvPfK5uRWyg root@ubuntu-bionic
[   13.959898] cloud-init[981]: The key's randomart image is:
[   13.960688] cloud-init[981]: +---[ECDSA 256]---+
[   13.961499] cloud-init[981]: |  o....o         |
[   13.961547] cloud-init[981]: | o    ++.        |
[   13.961985] cloud-init[981]: |  . .oo.o        |
[   13.962304] cloud-init[981]: | ..  oo...       |
[   13.962617] cloud-init[981]: |.  * o.+So       |
[   13.963260] cloud-init[981]: | .+ B ++@        |
[   13.963877] cloud-init[981]: |.. = EoX.o       |
[   13.963917] cloud-init[981]: |. . . =+B        |
[   13.964581] cloud-init[981]: |     ..*+o.      |
[   13.964843] cloud-init[981]: +----[SHA256]-----+
[   13.965394] cloud-init[981]: Generating public/private ed25519 key pair.
[   13.966104] cloud-init[981]: Your identification has been saved in /etc/ssh/ssh_host_ed25519_key.
[   13.966427] cloud-init[981]: Your public key has been saved in /etc/ssh/ssh_host_ed25519_key.pub.
[   13.966747] cloud-init[981]: The key fingerprint is:
[   13.967068] cloud-init[981]: SHA256:f6DSUB0Pe9VCnOzJ+DQ8we4ClMkKe5FFYLpVxGafPXw root@ubuntu-bionic
[   13.967380] cloud-init[981]: The key's randomart image is:
[   13.967674] cloud-init[981]: +--[ED25519 256]--+
[   13.967977] cloud-init[981]: |        oOBo =oo |
[   13.968309] cloud-init[981]: |      .oooO= .B .|
[   13.968720] cloud-init[981]: |      .oo*o.oX + |
[   13.969309] cloud-init[981]: |      .+o ..+ & E|
[   13.969612] cloud-init[981]: |      o.S .. + = |
[   13.969913] cloud-init[981]: |       o o .. o  |
[   13.970224] cloud-init[981]: |      . o . ..   |
[   13.970968] cloud-init[981]: |       .   .     |
[   13.971311] cloud-init[981]: |                 |
[   13.972175] cloud-init[981]: +----[SHA256]-----+
Reached target System Initialization.
         Starting Socket activation for snappy daemon.
[[0;32m  OK  [0m] Started Message of the Day.
[[0;32m  OK  [0m] Started Daily apt download activities.
[[0;32m  OK  [0m] Listening on Open-iSCSI iscsid Socket.
[[0;32m  OK  [0m] Started ACPI Events Check.
[[0;32m  OK  [0m] Started Discard unused blocks once a week.
[[0;32m  OK  [0m] Started Ubuntu Advantage Timer for running repeated jobs.
[[0;32m  OK  [0m] Started Daily apt upgrade and clean activities.
[[0;32m  OK  [0m] Listening on UUID daemon activation socket.
[[0;32m  OK  [0m] Listening on ACPID Listen Socket.
[[0;32m  OK  [0m] Reached target Paths.
         Starting LXD - unix socket.
[[0;32m  OK  [0m] Started Daily Cleanup of Temporary Directories.
[[0;32m  OK  [0m] Reached target Timers.
[[0;32m  OK  [0m] Listening on D-Bus System Message Bus Socket.
[[0;32m  OK  [0m] Listening on cloud-init hotplug hook socket.
[[0;32m  OK  [0m] Reached target Cloud-config availability.
[[0;32m  OK  [0m] Started Availability of block devices.
[[0;32m  OK  [0m] Listening on Socket activation for snappy daemon.
[[0;32m  OK  [0m] Listening on LXD - unix socket.
[[0;32m  OK  [0m] Reached target Sockets.
[[0;32m  OK  [0m] Reached target Basic System.
[[0;32m  OK  [0m] Started Deferred execution scheduler.
[[0;32m  OK  [0m] Reached target Login Prompts (Pre).
[[0;32m  OK  [0m] Started D-Bus System Message Bus.
         Starting System Logging Service...
[[0;32m  OK  [0m] Started Regular background program processing daemon.
         Starting Login Service...
         Starting Permit User Sessions...
         Starting Pollinate to seed the pseudo random number generator...
         Starting LSB: Record successful boot for GRUB...
         Starting LSB: automatic crash report generation...
         Starting Accounts Service...
         Starting LXD - container startup/shutdown...
         Starting Virtualbox guest utils...
[[0;32m  OK  [0m] Started irqbalance daemon.
         Starting Dispatcher daemon for systemd-networkd...
[[0;32m  OK  [0m] Started FUSE filesystem for LXC.
         Starting Snap Daemon...
[[0;32m  OK  [0m] Started System Logging Service.
[[0;32m  OK  [0m] Started Permit User Sessions.
[[0;32m  OK  [0m] Started LXD - container startup/shutdown.
[[0;32m  OK  [0m] Started Login Service.
[[0;32m  OK  [0m] Started LSB: automatic crash report generation.
         Starting Authorization Manager...
[[0;32m  OK  [0m] Started Unattended Upgrades Shutdown.
         Starting Terminate Plymouth Boot Screen...
         Starting Hold until boot process finishes up...
[[0;32m  OK  [0m] Started Hold until boot process finishes up.
         Starting Set console scheme...
[[0;32m  OK  [0m] Started Serial Getty on ttyS0.
[[0;32m  OK  [0m] Started Terminate Plymouth Boot Screen.
[[0;32m  OK  [0m] Started Set console scheme.
[[0;32m  OK  [0m] Created slice system-getty.slice.
[[0;32m  OK  [0m] Started Getty on tty1.
[[0;32m  OK  [0m] Reached target Login Prompts.
[[0;32m  OK  [0m] Started LSB: Record successful boot for GRUB.
[[0;32m  OK  [0m] Started Authorization Manager.
[[0;32m  OK  [0m] Started Accounts Service.
[[0;32m  OK  [0m] Started Virtualbox guest utils.
[[0;32m  OK  [0m] Started Dispatcher daemon for systemd-networkd.
[[0;32m  OK  [0m] Started Snap Daemon.
         Starting Wait until snapd is fully seeded...
         Starting Time & Date Service...
[[0;32m  OK  [0m] Started Time & Date Service.
[[0;32m  OK  [0m] Started Pollinate to seed the pseudo random number generator.
         Starting OpenBSD Secure Shell server...
[[0;32m  OK  [0m] Started OpenBSD Secure Shell server.
[[0;32m  OK  [0m] Created slice User Slice of vagrant.
         Starting User Manager for UID 1000...
[[0;32m  OK  [0m] Started Session 1 of user vagrant.
[[0;32m  OK  [0m] Started User Manager for UID 1000.
[[0;32m  OK  [0m] Started Wait until snapd is fully seeded.
         Starting Apply the settings specified in cloud-config...
[[0;32m  OK  [0m] Started Session 3 of user vagrant.
[   19.730360] cloud-init[1780]: Cloud-init v. 22.4.2-0ubuntu0~18.04.1 running 'modules:config' at Mon, 16 Jan 2023 02:37:01 +0000. Up 19.21 seconds.
ci-info: no authorized SSH keys fingerprints found for user ubuntu.
<14>Jan 16 02:37:02 cloud-init: #############################################################
<14>Jan 16 02:37:02 cloud-init: -----BEGIN SSH HOST KEY FINGERPRINTS-----
<14>Jan 16 02:37:02 cloud-init: 1024 SHA256:OmiOcU3cqJg68uaUzJkctvvAWbD8n51geuI+IXH+a1Q root@ubuntu-bionic (DSA)
<14>Jan 16 02:37:02 cloud-init: 256 SHA256:0Ci/FZDt6064FseTbIplYWQA5rpW7BynFvPfK5uRWyg root@ubuntu-bionic (ECDSA)
<14>Jan 16 02:37:02 cloud-init: 256 SHA256:f6DSUB0Pe9VCnOzJ+DQ8we4ClMkKe5FFYLpVxGafPXw root@ubuntu-bionic (ED25519)
<14>Jan 16 02:37:02 cloud-init: 2048 SHA256:yFo/8RmdKrsN/ueeVyZPK2Q+IDTGLxHKIC+SJuhvyrc root@ubuntu-bionic (RSA)
<14>Jan 16 02:37:02 cloud-init: -----END SSH HOST KEY FINGERPRINTS-----
<14>Jan 16 02:37:02 cloud-init: #############################################################
-----BEGIN SSH HOST KEY KEYS-----
ecdsa-sha2-nistp256 AAAAE2VjZHNhLXNoYTItbmlzdHAyNTYAAAAIbmlzdHAyNTYAAABBBJd/NLVuHueIRfaxVwCCLIlzuxVJdhyoUpZFlg1Iyc0b43WP5Yp7hfUbCDs96Pfc/IIrFYctdsWbx488vUvZxsY= root@ubuntu-bionic
ssh-ed25519 AAAAC3NzaC1lZDI1NTE5AAAAIIMWdpCvQjkVS/peLTwj/VMHcul9i6J+AQuBQOo1hyKM root@ubuntu-bionic
ssh-rsa AAAAB3NzaC1yc2EAAAADAQABAAABAQDjQlYSLD+a8cFZqUdtFU+PU/DqRDjAZkQlaNCDhg29/LKQtTHSiPfQ7mM6QTNBRkF/LE12dtswXv8rZb6ryJwJc9aInlXtogoWbZzINv7TTUEeCRbx+StruNW2QFhB2Mqg3kANlRErRU7IVkxurdx2c98OkqiqkFS9On2llo3jpaDhqofBsmFpeXu6+PkpocLqZllGfqWoD5jSZ7nqMNen1OqbDBcxBWxRwaIjgt1812+pVmERT8IfGRjk7A2Zl60NZ1crI6XX7W5poj7EZNwsveqC9Gxh2+qBKC4fEGNVtTli/veOunEiL1eZv9kluQHm/nSOW0Cw3Z7Ukqu73tQL root@ubuntu-bionic
-----END SSH HOST KEY KEYS-----
[   20.475980] cloud-init[1986]: Cloud-init v. 22.4.2-0ubuntu0~18.04.1 running 'modules:final' at Mon, 16 Jan 2023 02:37:02 +0000. Up 20.27 seconds.
[   20.481874] cloud-init[1986]: Cloud-init v. 22.4.2-0ubuntu0~18.04.1 finished at Mon, 16 Jan 2023 02:37:02 +0000. Datasource DataSourceNoCloud [seed=/dev/sdb][dsmode=net].  Up 20.44 seconds

Ubuntu 18.04.6 LTS ubuntu-bionic ttyS0

ubuntu-bionic login: 